

*******************************************************************************
Wed Sep 10 14:21:57 2014


FIT:    data read from 'uebersetzung1.dat' u 1:2
        format = x:z
        #datapoints = 13
        residuals are weighted equally (unit weight)

function used for fitting: f(x)
fitted parameters initialized with current variable values



 Iteration 0
 WSSR        : 272652            delta(WSSR)/WSSR   : 0
 delta(WSSR) : 0                 limit for stopping : 1e-05
 lambda	  : 112.315

initial set of free parameter values

a               = 1
b               = 1

After 6 iterations the fit converged.
final sum of squares of residuals : 0.131815
rel. change during last iteration : -4.99037e-14

degrees of freedom    (FIT_NDF)                        : 11
rms of residuals      (FIT_STDFIT) = sqrt(WSSR/ndf)    : 0.109468
variance of residuals (reduced chisquare) = WSSR/ndf   : 0.0119832

Final set of parameters            Asymptotic Standard Error
=======================            ==========================

a               = 0.0930504        +/- 0.0004049    (0.4351%)
b               = 0.1306           +/- 0.06431      (49.24%)


correlation matrix of the fit parameters:

               a      b      
a               1.000 
b              -0.882  1.000 


*******************************************************************************
Wed Sep 10 14:22:35 2014


FIT:    data read from 'uebersetzung1.dat' u 1:2
        format = x:z
        #datapoints = 13
        residuals are weighted equally (unit weight)

function used for fitting: f(x)
fitted parameters initialized with current variable values



 Iteration 0
 WSSR        : 272652            delta(WSSR)/WSSR   : 0
 delta(WSSR) : 0                 limit for stopping : 1e-05
 lambda	  : 112.315

initial set of free parameter values

a               = 1
b               = 1

After 6 iterations the fit converged.
final sum of squares of residuals : 0.131815
rel. change during last iteration : -4.99037e-14

degrees of freedom    (FIT_NDF)                        : 11
rms of residuals      (FIT_STDFIT) = sqrt(WSSR/ndf)    : 0.109468
variance of residuals (reduced chisquare) = WSSR/ndf   : 0.0119832

Final set of parameters            Asymptotic Standard Error
=======================            ==========================

a               = 0.0930504        +/- 0.0004049    (0.4351%)
b               = 0.1306           +/- 0.06431      (49.24%)


correlation matrix of the fit parameters:

               a      b      
a               1.000 
b              -0.882  1.000 
